<?xml version="1.0" encoding="UTF-8"?>
<testsuite xmlns:xsi="http://www.w3.org/2001/XMLSchema-instance" xsi:noNamespaceSchemaLocation="https://maven.apache.org/surefire/maven-surefire-plugin/xsd/surefire-test-report-3.0.xsd" version="3.0" name="com.axonactive.footballtournament.team.TeamTest" time="0.009" tests="2" errors="0" skipped="0" failures="0">
  <properties>
    <property name="sun.desktop" value="windows"/>
    <property name="awt.toolkit" value="sun.awt.windows.WToolkit"/>
    <property name="java.specification.version" value="11"/>
    <property name="sun.cpu.isalist" value="amd64"/>
    <property name="sun.jnu.encoding" value="Cp1252"/>
    <property name="java.class.path" value="C:\Users\dqdung\works\football-tournament-project\footballtournament-project\target\test-classes;C:\Users\dqdung\works\football-tournament-project\footballtournament-project\target\classes;C:\Users\dqdung\.m2\repository\javax\javaee-api\8.0\javaee-api-8.0.jar;C:\Users\dqdung\.m2\repository\com\sun\mail\javax.mail\1.6.0\javax.mail-1.6.0.jar;C:\Users\dqdung\.m2\repository\javax\activation\activation\1.1\activation-1.1.jar;C:\Users\dqdung\.m2\repository\javax\enterprise\cdi-api\2.0\cdi-api-2.0.jar;C:\Users\dqdung\.m2\repository\javax\el\javax.el-api\3.0.0\javax.el-api-3.0.0.jar;C:\Users\dqdung\.m2\repository\javax\interceptor\javax.interceptor-api\1.2\javax.interceptor-api-1.2.jar;C:\Users\dqdung\.m2\repository\javax\inject\javax.inject\1\javax.inject-1.jar;C:\Users\dqdung\.m2\repository\javax\ws\rs\javax.ws.rs-api\2.1\javax.ws.rs-api-2.1.jar;C:\Users\dqdung\.m2\repository\javax\json\bind\javax.json.bind-api\1.0\javax.json.bind-api-1.0.jar;C:\Users\dqdung\.m2\repository\javax\json\javax.json-api\1.1\javax.json-api-1.1.jar;C:\Users\dqdung\.m2\repository\javax\annotation\javax.annotation-api\1.3\javax.annotation-api-1.3.jar;C:\Users\dqdung\.m2\repository\org\eclipse\microprofile\config\microprofile-config-api\1.3\microprofile-config-api-1.3.jar;C:\Users\dqdung\.m2\repository\org\osgi\org.osgi.annotation.versioning\1.0.0\org.osgi.annotation.versioning-1.0.0.jar;C:\Users\dqdung\.m2\repository\org\eclipse\microprofile\fault-tolerance\microprofile-fault-tolerance-api\1.1\microprofile-fault-tolerance-api-1.1.jar;C:\Users\dqdung\.m2\repository\org\eclipse\microprofile\health\microprofile-health-api\1.0\microprofile-health-api-1.0.jar;C:\Users\dqdung\.m2\repository\org\eclipse\microprofile\metrics\microprofile-metrics-api\1.1\microprofile-metrics-api-1.1.jar;C:\Users\dqdung\.m2\repository\org\eclipse\microprofile\jwt\microprofile-jwt-auth-api\1.1\microprofile-jwt-auth-api-1.1.jar;C:\Users\dqdung\.m2\repository\org\eclipse\microprofile\openapi\microprofile-openapi-api\1.0\microprofile-openapi-api-1.0.jar;C:\Users\dqdung\.m2\repository\org\eclipse\microprofile\rest\client\microprofile-rest-client-api\1.1\microprofile-rest-client-api-1.1.jar;C:\Users\dqdung\.m2\repository\org\eclipse\microprofile\opentracing\microprofile-opentracing-api\1.1\microprofile-opentracing-api-1.1.jar;C:\Users\dqdung\.m2\repository\org\apache\geronimo\specs\geronimo-atinject_1.0_spec\1.0\geronimo-atinject_1.0_spec-1.0.jar;C:\Users\dqdung\.m2\repository\org\projectlombok\lombok\1.18.20\lombok-1.18.20.jar;C:\Users\dqdung\.m2\repository\org\junit\jupiter\junit-jupiter-engine\5.4.0\junit-jupiter-engine-5.4.0.jar;C:\Users\dqdung\.m2\repository\org\apiguardian\apiguardian-api\1.0.0\apiguardian-api-1.0.0.jar;C:\Users\dqdung\.m2\repository\org\junit\platform\junit-platform-engine\1.4.0\junit-platform-engine-1.4.0.jar;C:\Users\dqdung\.m2\repository\org\opentest4j\opentest4j\1.1.1\opentest4j-1.1.1.jar;C:\Users\dqdung\.m2\repository\org\junit\platform\junit-platform-commons\1.4.0\junit-platform-commons-1.4.0.jar;C:\Users\dqdung\.m2\repository\org\junit\jupiter\junit-jupiter-api\5.4.0\junit-jupiter-api-5.4.0.jar;"/>
    <property name="java.vm.vendor" value="AdoptOpenJDK"/>
    <property name="sun.arch.data.model" value="64"/>
    <property name="user.variant" value=""/>
    <property name="java.vendor.url" value="https://adoptopenjdk.net/"/>
    <property name="user.timezone" value="Asia/Bangkok"/>
    <property name="java.vm.specification.version" value="11"/>
    <property name="os.name" value="Windows 10"/>
    <property name="sun.java.launcher" value="SUN_STANDARD"/>
    <property name="user.country" value="US"/>
    <property name="sun.boot.library.path" value="C:\Users\dqdung\AppData\Local\Programs\AdoptOpenJDK\jdk-11.0.11.9-hotspot\bin"/>
    <property name="sun.java.command" value="C:\Users\dqdung\AppData\Local\Temp\surefire3854728618388503995\surefirebooter17153312435569073133.jar C:\Users\dqdung\AppData\Local\Temp\surefire3854728618388503995 2021-05-20T16-00-22_570-jvmRun1 surefire4764444773484194258tmp surefire_04676215245869444487tmp"/>
    <property name="jdk.debug" value="release"/>
    <property name="surefire.test.class.path" value="C:\Users\dqdung\works\football-tournament-project\footballtournament-project\target\test-classes;C:\Users\dqdung\works\football-tournament-project\footballtournament-project\target\classes;C:\Users\dqdung\.m2\repository\javax\javaee-api\8.0\javaee-api-8.0.jar;C:\Users\dqdung\.m2\repository\com\sun\mail\javax.mail\1.6.0\javax.mail-1.6.0.jar;C:\Users\dqdung\.m2\repository\javax\activation\activation\1.1\activation-1.1.jar;C:\Users\dqdung\.m2\repository\javax\enterprise\cdi-api\2.0\cdi-api-2.0.jar;C:\Users\dqdung\.m2\repository\javax\el\javax.el-api\3.0.0\javax.el-api-3.0.0.jar;C:\Users\dqdung\.m2\repository\javax\interceptor\javax.interceptor-api\1.2\javax.interceptor-api-1.2.jar;C:\Users\dqdung\.m2\repository\javax\inject\javax.inject\1\javax.inject-1.jar;C:\Users\dqdung\.m2\repository\javax\ws\rs\javax.ws.rs-api\2.1\javax.ws.rs-api-2.1.jar;C:\Users\dqdung\.m2\repository\javax\json\bind\javax.json.bind-api\1.0\javax.json.bind-api-1.0.jar;C:\Users\dqdung\.m2\repository\javax\json\javax.json-api\1.1\javax.json-api-1.1.jar;C:\Users\dqdung\.m2\repository\javax\annotation\javax.annotation-api\1.3\javax.annotation-api-1.3.jar;C:\Users\dqdung\.m2\repository\org\eclipse\microprofile\config\microprofile-config-api\1.3\microprofile-config-api-1.3.jar;C:\Users\dqdung\.m2\repository\org\osgi\org.osgi.annotation.versioning\1.0.0\org.osgi.annotation.versioning-1.0.0.jar;C:\Users\dqdung\.m2\repository\org\eclipse\microprofile\fault-tolerance\microprofile-fault-tolerance-api\1.1\microprofile-fault-tolerance-api-1.1.jar;C:\Users\dqdung\.m2\repository\org\eclipse\microprofile\health\microprofile-health-api\1.0\microprofile-health-api-1.0.jar;C:\Users\dqdung\.m2\repository\org\eclipse\microprofile\metrics\microprofile-metrics-api\1.1\microprofile-metrics-api-1.1.jar;C:\Users\dqdung\.m2\repository\org\eclipse\microprofile\jwt\microprofile-jwt-auth-api\1.1\microprofile-jwt-auth-api-1.1.jar;C:\Users\dqdung\.m2\repository\org\eclipse\microprofile\openapi\microprofile-openapi-api\1.0\microprofile-openapi-api-1.0.jar;C:\Users\dqdung\.m2\repository\org\eclipse\microprofile\rest\client\microprofile-rest-client-api\1.1\microprofile-rest-client-api-1.1.jar;C:\Users\dqdung\.m2\repository\org\eclipse\microprofile\opentracing\microprofile-opentracing-api\1.1\microprofile-opentracing-api-1.1.jar;C:\Users\dqdung\.m2\repository\org\apache\geronimo\specs\geronimo-atinject_1.0_spec\1.0\geronimo-atinject_1.0_spec-1.0.jar;C:\Users\dqdung\.m2\repository\org\projectlombok\lombok\1.18.20\lombok-1.18.20.jar;C:\Users\dqdung\.m2\repository\org\junit\jupiter\junit-jupiter-engine\5.4.0\junit-jupiter-engine-5.4.0.jar;C:\Users\dqdung\.m2\repository\org\apiguardian\apiguardian-api\1.0.0\apiguardian-api-1.0.0.jar;C:\Users\dqdung\.m2\repository\org\junit\platform\junit-platform-engine\1.4.0\junit-platform-engine-1.4.0.jar;C:\Users\dqdung\.m2\repository\org\opentest4j\opentest4j\1.1.1\opentest4j-1.1.1.jar;C:\Users\dqdung\.m2\repository\org\junit\platform\junit-platform-commons\1.4.0\junit-platform-commons-1.4.0.jar;C:\Users\dqdung\.m2\repository\org\junit\jupiter\junit-jupiter-api\5.4.0\junit-jupiter-api-5.4.0.jar;"/>
    <property name="sun.cpu.endian" value="little"/>
    <property name="user.home" value="C:\Users\dqdung"/>
    <property name="user.language" value="en"/>
    <property name="java.specification.vendor" value="Oracle Corporation"/>
    <property name="java.version.date" value="2021-04-20"/>
    <property name="java.home" value="C:\Users\dqdung\AppData\Local\Programs\AdoptOpenJDK\jdk-11.0.11.9-hotspot"/>
    <property name="file.separator" value="\"/>
    <property name="basedir" value="C:\Users\dqdung\works\football-tournament-project\footballtournament-project"/>
    <property name="java.vm.compressedOopsMode" value="Zero based"/>
    <property name="line.separator" value="&#10;"/>
    <property name="java.specification.name" value="Java Platform API Specification"/>
    <property name="java.vm.specification.vendor" value="Oracle Corporation"/>
    <property name="java.awt.graphicsenv" value="sun.awt.Win32GraphicsEnvironment"/>
    <property name="surefire.real.class.path" value="C:\Users\dqdung\AppData\Local\Temp\surefire3854728618388503995\surefirebooter17153312435569073133.jar"/>
    <property name="user.script" value=""/>
    <property name="sun.management.compiler" value="HotSpot 64-Bit Tiered Compilers"/>
    <property name="java.runtime.version" value="11.0.11+9"/>
    <property name="user.name" value="dqdung"/>
    <property name="path.separator" value=";"/>
    <property name="os.version" value="10.0"/>
    <property name="java.runtime.name" value="OpenJDK Runtime Environment"/>
    <property name="file.encoding" value="Cp1252"/>
    <property name="java.vm.name" value="OpenJDK 64-Bit Server VM"/>
    <property name="java.vendor.version" value="AdoptOpenJDK-11.0.11+9"/>
    <property name="localRepository" value="C:\Users\dqdung\.m2\repository"/>
    <property name="java.vendor.url.bug" value="https://github.com/AdoptOpenJDK/openjdk-support/issues"/>
    <property name="java.io.tmpdir" value="C:\Users\dqdung\AppData\Local\Temp\"/>
    <property name="java.version" value="11.0.11"/>
    <property name="user.dir" value="C:\Users\dqdung\works\football-tournament-project\footballtournament-project"/>
    <property name="os.arch" value="amd64"/>
    <property name="java.vm.specification.name" value="Java Virtual Machine Specification"/>
    <property name="java.awt.printerjob" value="sun.awt.windows.WPrinterJob"/>
    <property name="sun.os.patch.level" value=""/>
    <property name="java.library.path" value="C:\Users\dqdung\AppData\Local\Programs\AdoptOpenJDK\jdk-11.0.11.9-hotspot\bin;C:\windows\Sun\Java\bin;C:\windows\system32;C:\windows;C:\windows\system32;C:\windows;C:\windows\System32\Wbem;C:\windows\System32\WindowsPowerShell\v1.0\;C:\windows\System32\OpenSSH\;C:\Program Files\Git\cmd;C:\Users\dqdung\AppData\Local\Programs\AdoptOpenJDK\jdk-11.0.11.9-hotspot\bin;C:\Users\dqdung\AppData\Local\Microsoft\WindowsApps;C:\Users\dqdung\AppData\Local\Programs\Microsoft VS Code\bin;C:\Program Files\apache-maven-3.8.1\bin;;."/>
    <property name="java.vm.info" value="mixed mode"/>
    <property name="java.vendor" value="AdoptOpenJDK"/>
    <property name="java.vm.version" value="11.0.11+9"/>
    <property name="sun.io.unicode.encoding" value="UnicodeLittle"/>
    <property name="java.class.version" value="55.0"/>
  </properties>
  <testcase name="testAddTeamPlayersAsExpected" classname="com.axonactive.footballtournament.team.TeamTest" time="0.002"/>
  <testcase name="shouldTeamPlayersNotNull" classname="com.axonactive.footballtournament.team.TeamTest" time="0.001"/>
</testsuite>